[0;34m=== Matrix Account Cleanup Tool ===[0m



[0;34mStep 1: Login[0m
[0;32mâœ“ Logged in as @harpertest1:matrix.org[0m
Device ID: M5p6HAwGZ3

[0;34mStep 2: Get account state[0m
Pending invites: 1
Joined rooms: 8

[0;34mStep 3: Reject all pending invites[0m
Rejecting invite to !VeRVJruskXaqoSukpW:matrix.org... [0;32mâœ“[0m

[0;34mStep 4: Leave all joined rooms[0m
Leaving room:  (!CbDZxorvfWHgAtEidW:matrix.org)... [0;32mâœ“[0m
Leaving room:  (!JjsHQoAfBBJvUAQnex:matrix.org)... [0;32mâœ“[0m
Leaving room:  (!OhCgljKXhZIDEqhqrf:matrix.org)... [0;32mâœ“[0m
Leaving room:  (!XZxTFoAugGKtAKUvgz:matrix.org)... [0;32mâœ“[0m
Leaving room:  (!jLykaRUrLirFjkzQhR:matrix.org)... [0;32mâœ“[0m
Leaving room:  (!mSupbDDPSuNXqeMegk:matrix.org)... [0;32mâœ“[0m
Leaving room:  (!swXTKUdFrjwchNjzkS:matrix.org)... [0;32mâœ“[0m
Leaving room:  (!zKwDuafCnOYdJyPNhh:matrix.org)... [0;32mâœ“[0m

[0;34mStep 5: Delete old devices[0m
Total devices: 9
Current device: M5p6HAwGZ3
  - panic-test-1765344450: No name (IP: 99.179.145.222)
  - test-bot-1765343381: No name (IP: 99.179.145.222)
  - test-bot-1765343570: No name (IP: 99.179.145.222)
  - test-bot-1765343630: No name (IP: 99.179.145.222)
  - test-bot-1765343826: No name (IP: 99.179.145.222)
  - test-bot-1765344542: No name (IP: 99.179.145.222)
  - test-bot-1765345133: No name (IP: 99.179.145.222)
  - test-bot-encryption: No name (IP: 99.179.145.222)
Deleting devices... [1;33mâš  Unrecognized request[0m

[0;32mâ•”â•â•â•â•â•â•â•â•â•â•â•â•â•â•â•â•â•â•â•â•â•â•â•â•â•â•â•â•â•â•â•â•â•â•â•â•â•â•â•â•â•—[0m
[0;32mâ•‘     Account cleanup complete! âœ“        â•‘[0m
[0;32mâ•šâ•â•â•â•â•â•â•â•â•â•â•â•â•â•â•â•â•â•â•â•â•â•â•â•â•â•â•â•â•â•â•â•â•â•â•â•â•â•â•â•â•[0m

Summary:
  - Rejected 1 invites
  - Left rooms (if confirmed)
  - Deleted old devices (if confirmed)

Your account is now clean for testing!
